SF:/Users/jac/Developer/projects/personal/lcov_reporter/example/lib/example.dart
DA:8,1
DA:9,1
DA:10,2
DA:15,1
DA:16,1
DA:20,1
DA:23,1
DA:26,1
DA:28,0
DA:34,1
DA:35,1
DA:37,1
DA:38,1
DA:43,1
DA:49,1
DA:54,1
DA:61,2
DA:62,2
DA:63,1
DA:64,1
DA:65,1
DA:67,5
DA:70,1
DA:74,1
DA:75,1
DA:78,2
DA:79,3
DA:82,1
DA:83,1
DA:84,3
DA:85,3
DA:89,2
DA:90,1
DA:91,2
DA:92,1
DA:96,3
DA:100,2
DA:101,3
DA:104,2
DA:107,3
DA:109,1
DA:113,1
DA:114,1
DA:116,2
DA:117,2
DA:119,1
DA:121,2
DA:123,1
DA:125,2
DA:127,1
DA:129,2
DA:131,2
DA:134,1
DA:135,1
DA:136,2
DA:137,4
DA:142,0
DA:143,0
DA:147,0
DA:148,0
DA:149,0
DA:154,0
DA:155,0
DA:156,0
DA:161,0
DA:162,0
DA:163,0
DA:168,0
DA:169,0
DA:171,0
DA:173,0
DA:174,0
DA:175,0
DA:176,0
DA:178,0
DA:179,0
DA:180,0
DA:181,0
DA:186,0
DA:187,0
DA:188,0
DA:189,0
DA:191,0
LF:83
LH:55
end_of_record
SF:/Users/jac/Developer/projects/personal/lcov_reporter/example/lib/exceptions.dart
DA:3,4
DA:8,0
DA:10,0
DA:11,0
DA:13,0
DA:19,2
DA:20,2
DA:26,4
DA:27,1
DA:30,0
DA:32,0
DA:38,0
DA:39,0
DA:45,1
DA:46,0
DA:49,0
DA:50,0
DA:54,0
DA:55,0
DA:59,0
DA:60,0
DA:66,0
DA:67,0
DA:70,0
DA:71,0
DA:75,0
DA:76,0
DA:80,0
DA:81,0
DA:89,0
DA:91,0
DA:92,0
DA:94,0
DA:100,1
DA:101,0
DA:113,1
DA:115,1
DA:117,1
DA:118,3
DA:119,0
DA:121,0
DA:123,0
DA:125,0
DA:133,0
DA:135,0
DA:137,0
DA:142,0
DA:145,0
DA:146,0
DA:147,0
DA:149,0
DA:151,0
LF:52
LH:11
end_of_record
SF:/Users/jac/Developer/projects/personal/lcov_reporter/example/lib/todo.dart
DA:6,1
DA:17,1
DA:18,1
DA:19,1
DA:20,1
DA:21,1
DA:22,1
DA:23,2
DA:24,1
DA:25,0
DA:27,1
DA:28,4
DA:29,0
DA:42,1
DA:51,1
DA:52,1
DA:53,1
DA:54,1
DA:55,1
DA:56,1
DA:57,1
DA:58,1
DA:63,1
DA:64,1
DA:65,1
DA:67,2
DA:71,0
DA:72,0
DA:73,0
DA:75,0
DA:79,1
DA:80,1
DA:81,1
DA:82,1
DA:83,1
DA:84,1
DA:85,2
DA:86,2
DA:87,2
DA:92,1
DA:93,3
DA:94,3
DA:95,2
DA:96,2
DA:101,0
DA:102,0
DA:105,0
DA:106,0
DA:108,0
DA:110,0
DA:117,0
DA:121,0
DA:127,0
DA:130,0
DA:131,0
DA:132,0
DA:133,0
DA:134,0
DA:135,0
DA:136,0
DA:137,0
DA:140,0
DA:142,0
DA:143,0
DA:144,0
DA:145,0
DA:146,0
DA:147,0
DA:148,0
DA:149,0
DA:153,0
DA:155,0
DA:156,0
DA:157,0
DA:158,0
DA:169,1
DA:171,1
DA:173,1
DA:175,1
DA:181,1
DA:183,1
DA:185,1
DA:187,1
LF:83
LH:46
end_of_record
SF:/Users/jac/Developer/projects/personal/lcov_reporter/example/lib/todo_repository.dart
DA:34,1
DA:39,1
DA:40,1
DA:43,2
DA:44,1
DA:45,2
DA:49,0
DA:50,0
DA:51,0
DA:55,0
DA:56,0
DA:57,0
DA:58,0
DA:60,0
DA:65,1
DA:66,1
DA:69,2
DA:70,2
DA:72,5
DA:73,1
DA:74,1
DA:76,0
DA:80,1
DA:82,1
DA:83,2
DA:86,1
DA:88,1
DA:90,5
DA:96,1
DA:98,1
DA:101,1
DA:105,6
DA:106,2
DA:107,2
DA:109,2
DA:112,1
DA:115,1
DA:117,1
DA:119,2
DA:120,5
DA:122,3
DA:123,1
DA:126,1
DA:129,0
DA:131,0
DA:132,0
DA:135,1
DA:137,1
DA:138,6
DA:141,1
DA:143,1
DA:144,6
DA:148,0
DA:149,0
DA:150,0
DA:151,0
DA:152,0
DA:156,1
DA:157,1
DA:158,1
DA:159,3
DA:160,3
DA:161,3
DA:162,1
DA:166,0
DA:167,0
DA:170,0
DA:171,0
DA:176,0
DA:177,0
DA:179,0
DA:180,0
DA:182,0
DA:185,0
DA:186,0
DA:190,0
DA:192,0
DA:193,0
DA:195,0
DA:196,0
DA:199,0
DA:200,0
DA:202,0
DA:203,0
DA:204,0
DA:216,0
DA:217,0
DA:220,0
DA:221,0
DA:223,0
DA:224,0
DA:225,0
DA:226,0
DA:231,0
DA:232,0
DA:233,0
DA:235,0
DA:240,0
DA:241,0
DA:242,0
DA:243,0
DA:244,0
DA:245,0
DA:247,0
LF:104
LH:47
end_of_record
SF:/Users/jac/Developer/projects/personal/lcov_reporter/example/lib/todo_service.dart
DA:9,1
DA:15,1
DA:20,2
DA:23,1
DA:24,2
DA:25,1
DA:27,2
DA:28,0
DA:30,2
DA:31,0
DA:33,2
DA:34,0
DA:37,1
DA:38,1
DA:42,1
DA:45,2
DA:47,0
DA:50,1
DA:52,1
DA:53,1
DA:54,1
DA:58,2
DA:59,3
DA:64,1
DA:70,2
DA:72,2
DA:74,0
DA:78,1
DA:79,2
DA:80,0
DA:82,0
DA:83,0
DA:85,2
DA:86,0
DA:88,0
DA:89,0
DA:92,1
DA:93,0
DA:96,1
DA:97,1
DA:98,0
DA:102,2
DA:103,3
DA:108,1
DA:109,2
DA:111,2
DA:113,1
DA:116,1
DA:120,1
DA:121,2
DA:122,3
DA:127,0
DA:128,0
DA:130,0
DA:132,0
DA:135,0
DA:139,0
DA:140,0
DA:141,0
DA:146,0
DA:147,0
DA:150,0
DA:152,0
DA:155,0
DA:156,0
DA:160,1
DA:161,1
DA:162,2
DA:166,1
DA:167,2
DA:169,2
DA:171,1
DA:178,0
DA:179,0
DA:180,0
DA:184,1
DA:185,2
DA:186,2
DA:190,0
DA:191,0
DA:193,0
DA:194,0
DA:195,0
DA:196,0
DA:203,0
DA:204,0
DA:206,0
DA:207,0
DA:208,0
DA:209,0
DA:216,1
DA:217,2
DA:221,2
DA:223,2
DA:224,2
DA:228,0
DA:229,0
DA:230,0
DA:231,0
DA:232,0
DA:233,0
DA:237,1
DA:238,1
DA:240,2
DA:241,4
DA:242,2
DA:244,1
DA:245,2
DA:246,2
DA:247,4
DA:248,1
DA:251,1
DA:252,1
DA:255,4
DA:261,0
DA:262,0
DA:264,0
DA:265,0
DA:267,0
DA:269,0
DA:270,0
DA:272,0
DA:276,0
DA:278,0
DA:287,0
DA:288,0
DA:290,0
DA:292,0
DA:294,0
DA:296,0
DA:300,0
DA:301,0
DA:306,0
DA:307,0
DA:310,0
DA:311,0
DA:316,0
DA:317,0
DA:320,0
DA:324,0
DA:325,0
DA:327,0
DA:328,0
DA:331,0
DA:332,0
DA:333,0
DA:341,0
DA:342,0
DA:345,0
DA:346,0
DA:347,0
DA:348,0
DA:349,0
DA:350,0
DA:352,0
DA:354,0
DA:359,1
DA:361,1
DA:362,1
DA:364,4
DA:365,1
DA:369,1
DA:370,1
DA:371,2
DA:376,0
DA:377,0
DA:378,0
DA:380,0
DA:381,0
DA:382,0
DA:383,0
DA:384,0
DA:385,0
DA:386,0
DA:387,0
DA:391,0
DA:395,0
DA:396,0
DA:397,0
DA:401,0
DA:402,0
DA:403,0
DA:404,0
DA:406,0
DA:408,0
DA:409,0
DA:410,0
DA:411,0
DA:412,0
DA:413,0
DA:414,0
DA:416,0
DA:417,0
DA:420,0
DA:421,0
LF:195
LH:74
end_of_record
