SF:/Users/jac/Developer/projects/personal/buggy/example/lib/todo.dart
DA:7,2
DA:15,1
DA:16,1
DA:17,1
DA:18,1
DA:19,2
DA:21,1
DA:22,1
DA:32,1
DA:38,1
DA:39,1
DA:40,1
DA:41,1
DA:42,1
DA:47,1
DA:48,1
DA:49,1
DA:51,1
DA:55,1
DA:56,1
DA:57,1
DA:59,1
DA:63,1
DA:64,1
DA:65,1
DA:66,1
DA:67,1
DA:68,1
DA:73,1
DA:74,3
DA:79,1
DA:80,1
DA:87,1
DA:90,4
DA:93,1
DA:94,2
DA:96,1
DA:98,2
DA:99,1
DA:100,1
DA:101,1
LF:41
LH:41
end_of_record
SF:/Users/jac/Developer/projects/personal/buggy/example/lib/todo_manager.dart
DA:8,1
DA:9,2
DA:13,1
DA:14,6
DA:15,3
DA:17,2
DA:21,1
DA:22,2
DA:23,5
DA:24,3
DA:28,1
DA:29,5
DA:30,2
DA:32,2
DA:33,1
DA:35,3
DA:40,0
DA:41,0
DA:42,0
DA:44,0
DA:45,0
DA:47,0
LF:22
LH:16
end_of_record
SF:/Users/jac/Developer/projects/personal/buggy/example/lib/user.dart
DA:6,2
DA:9,1
DA:10,3
DA:17,0
DA:18,0
DA:22,1
DA:23,3
DA:26,1
DA:29,7
DA:32,0
DA:34,0
DA:37,0
DA:39,0
LF:13
LH:7
end_of_record
